<?xml version="1.0" encoding="UTF-8"?>
<testsuite xmlns:xsi="http://www.w3.org/2001/XMLSchema-instance" xsi:noNamespaceSchemaLocation="https://maven.apache.org/surefire/maven-surefire-plugin/xsd/surefire-test-report.xsd" name="com.sahaj.airline.AirlineApplicationTests" time="1.029" tests="1" errors="0" skipped="0" failures="0">
  <properties>
    <property name="sun.desktop" value="gnome"/>
    <property name="awt.toolkit" value="sun.awt.X11.XToolkit"/>
    <property name="file.encoding.pkg" value="sun.io"/>
    <property name="java.specification.version" value="1.8"/>
    <property name="sun.cpu.isalist" value=""/>
    <property name="sun.jnu.encoding" value="UTF-8"/>
    <property name="java.class.path" value="/home/neebal/Projects/test/AirplaneTicketUpgrader/target/test-classes:/home/neebal/Projects/test/AirplaneTicketUpgrader/target/classes:/home/neebal/.m2/repository/org/springframework/boot/spring-boot-starter/2.7.0/spring-boot-starter-2.7.0.jar:/home/neebal/.m2/repository/org/springframework/boot/spring-boot/2.7.0/spring-boot-2.7.0.jar:/home/neebal/.m2/repository/org/springframework/spring-context/5.3.20/spring-context-5.3.20.jar:/home/neebal/.m2/repository/org/springframework/spring-aop/5.3.20/spring-aop-5.3.20.jar:/home/neebal/.m2/repository/org/springframework/spring-beans/5.3.20/spring-beans-5.3.20.jar:/home/neebal/.m2/repository/org/springframework/spring-expression/5.3.20/spring-expression-5.3.20.jar:/home/neebal/.m2/repository/org/springframework/boot/spring-boot-autoconfigure/2.7.0/spring-boot-autoconfigure-2.7.0.jar:/home/neebal/.m2/repository/org/springframework/boot/spring-boot-starter-logging/2.7.0/spring-boot-starter-logging-2.7.0.jar:/home/neebal/.m2/repository/ch/qos/logback/logback-classic/1.2.11/logback-classic-1.2.11.jar:/home/neebal/.m2/repository/ch/qos/logback/logback-core/1.2.11/logback-core-1.2.11.jar:/home/neebal/.m2/repository/org/apache/logging/log4j/log4j-to-slf4j/2.17.2/log4j-to-slf4j-2.17.2.jar:/home/neebal/.m2/repository/org/apache/logging/log4j/log4j-api/2.17.2/log4j-api-2.17.2.jar:/home/neebal/.m2/repository/org/slf4j/jul-to-slf4j/1.7.36/jul-to-slf4j-1.7.36.jar:/home/neebal/.m2/repository/jakarta/annotation/jakarta.annotation-api/1.3.5/jakarta.annotation-api-1.3.5.jar:/home/neebal/.m2/repository/org/springframework/spring-core/5.3.20/spring-core-5.3.20.jar:/home/neebal/.m2/repository/org/springframework/spring-jcl/5.3.20/spring-jcl-5.3.20.jar:/home/neebal/.m2/repository/org/yaml/snakeyaml/1.30/snakeyaml-1.30.jar:/home/neebal/.m2/repository/org/springframework/boot/spring-boot-devtools/2.7.0/spring-boot-devtools-2.7.0.jar:/home/neebal/.m2/repository/org/springframework/boot/spring-boot-starter-test/2.7.0/spring-boot-starter-test-2.7.0.jar:/home/neebal/.m2/repository/org/springframework/boot/spring-boot-test/2.7.0/spring-boot-test-2.7.0.jar:/home/neebal/.m2/repository/org/springframework/boot/spring-boot-test-autoconfigure/2.7.0/spring-boot-test-autoconfigure-2.7.0.jar:/home/neebal/.m2/repository/com/jayway/jsonpath/json-path/2.7.0/json-path-2.7.0.jar:/home/neebal/.m2/repository/net/minidev/json-smart/2.4.8/json-smart-2.4.8.jar:/home/neebal/.m2/repository/net/minidev/accessors-smart/2.4.8/accessors-smart-2.4.8.jar:/home/neebal/.m2/repository/org/ow2/asm/asm/9.1/asm-9.1.jar:/home/neebal/.m2/repository/org/slf4j/slf4j-api/1.7.36/slf4j-api-1.7.36.jar:/home/neebal/.m2/repository/jakarta/xml/bind/jakarta.xml.bind-api/2.3.3/jakarta.xml.bind-api-2.3.3.jar:/home/neebal/.m2/repository/jakarta/activation/jakarta.activation-api/1.2.2/jakarta.activation-api-1.2.2.jar:/home/neebal/.m2/repository/org/assertj/assertj-core/3.22.0/assertj-core-3.22.0.jar:/home/neebal/.m2/repository/org/hamcrest/hamcrest/2.2/hamcrest-2.2.jar:/home/neebal/.m2/repository/org/junit/jupiter/junit-jupiter/5.8.2/junit-jupiter-5.8.2.jar:/home/neebal/.m2/repository/org/junit/jupiter/junit-jupiter-params/5.8.2/junit-jupiter-params-5.8.2.jar:/home/neebal/.m2/repository/org/mockito/mockito-core/4.5.1/mockito-core-4.5.1.jar:/home/neebal/.m2/repository/net/bytebuddy/byte-buddy/1.12.10/byte-buddy-1.12.10.jar:/home/neebal/.m2/repository/net/bytebuddy/byte-buddy-agent/1.12.10/byte-buddy-agent-1.12.10.jar:/home/neebal/.m2/repository/org/objenesis/objenesis/3.2/objenesis-3.2.jar:/home/neebal/.m2/repository/org/mockito/mockito-junit-jupiter/4.5.1/mockito-junit-jupiter-4.5.1.jar:/home/neebal/.m2/repository/org/skyscreamer/jsonassert/1.5.0/jsonassert-1.5.0.jar:/home/neebal/.m2/repository/com/vaadin/external/google/android-json/0.0.20131108.vaadin1/android-json-0.0.20131108.vaadin1.jar:/home/neebal/.m2/repository/org/springframework/spring-test/5.3.20/spring-test-5.3.20.jar:/home/neebal/.m2/repository/org/xmlunit/xmlunit-core/2.9.0/xmlunit-core-2.9.0.jar:/home/neebal/.m2/repository/org/junit/jupiter/junit-jupiter-api/5.8.2/junit-jupiter-api-5.8.2.jar:/home/neebal/.m2/repository/org/opentest4j/opentest4j/1.2.0/opentest4j-1.2.0.jar:/home/neebal/.m2/repository/org/junit/platform/junit-platform-commons/1.8.2/junit-platform-commons-1.8.2.jar:/home/neebal/.m2/repository/org/apiguardian/apiguardian-api/1.1.2/apiguardian-api-1.1.2.jar:/home/neebal/.m2/repository/org/junit/jupiter/junit-jupiter-engine/5.8.2/junit-jupiter-engine-5.8.2.jar:/home/neebal/.m2/repository/org/junit/platform/junit-platform-engine/1.8.2/junit-platform-engine-1.8.2.jar:/home/neebal/.m2/repository/com/opencsv/opencsv/5.6/opencsv-5.6.jar:/home/neebal/.m2/repository/org/apache/commons/commons-lang3/3.12.0/commons-lang3-3.12.0.jar:/home/neebal/.m2/repository/org/apache/commons/commons-text/1.9/commons-text-1.9.jar:/home/neebal/.m2/repository/commons-beanutils/commons-beanutils/1.9.4/commons-beanutils-1.9.4.jar:/home/neebal/.m2/repository/commons-logging/commons-logging/1.2/commons-logging-1.2.jar:/home/neebal/.m2/repository/commons-collections/commons-collections/3.2.2/commons-collections-3.2.2.jar:/home/neebal/.m2/repository/org/apache/commons/commons-collections4/4.4/commons-collections4-4.4.jar:"/>
    <property name="java.vm.vendor" value="Oracle Corporation"/>
    <property name="sun.arch.data.model" value="64"/>
    <property name="java.vendor.url" value="http://java.oracle.com/"/>
    <property name="user.timezone" value=""/>
    <property name="java.vm.specification.version" value="1.8"/>
    <property name="os.name" value="Linux"/>
    <property name="user.country" value="IN"/>
    <property name="sun.java.launcher" value="SUN_STANDARD"/>
    <property name="sun.boot.library.path" value="/opt/jdk1.8.0_311/jre/lib/amd64"/>
    <property name="sun.java.command" value="/home/neebal/Projects/test/AirplaneTicketUpgrader/target/surefire/surefirebooter3787968465822651573.jar /home/neebal/Projects/test/AirplaneTicketUpgrader/target/surefire 2022-06-06T20-54-03_859-jvmRun1 surefire7266177880011893861tmp surefire_01350532653987958794tmp"/>
    <property name="surefire.test.class.path" value="/home/neebal/Projects/test/AirplaneTicketUpgrader/target/test-classes:/home/neebal/Projects/test/AirplaneTicketUpgrader/target/classes:/home/neebal/.m2/repository/org/springframework/boot/spring-boot-starter/2.7.0/spring-boot-starter-2.7.0.jar:/home/neebal/.m2/repository/org/springframework/boot/spring-boot/2.7.0/spring-boot-2.7.0.jar:/home/neebal/.m2/repository/org/springframework/spring-context/5.3.20/spring-context-5.3.20.jar:/home/neebal/.m2/repository/org/springframework/spring-aop/5.3.20/spring-aop-5.3.20.jar:/home/neebal/.m2/repository/org/springframework/spring-beans/5.3.20/spring-beans-5.3.20.jar:/home/neebal/.m2/repository/org/springframework/spring-expression/5.3.20/spring-expression-5.3.20.jar:/home/neebal/.m2/repository/org/springframework/boot/spring-boot-autoconfigure/2.7.0/spring-boot-autoconfigure-2.7.0.jar:/home/neebal/.m2/repository/org/springframework/boot/spring-boot-starter-logging/2.7.0/spring-boot-starter-logging-2.7.0.jar:/home/neebal/.m2/repository/ch/qos/logback/logback-classic/1.2.11/logback-classic-1.2.11.jar:/home/neebal/.m2/repository/ch/qos/logback/logback-core/1.2.11/logback-core-1.2.11.jar:/home/neebal/.m2/repository/org/apache/logging/log4j/log4j-to-slf4j/2.17.2/log4j-to-slf4j-2.17.2.jar:/home/neebal/.m2/repository/org/apache/logging/log4j/log4j-api/2.17.2/log4j-api-2.17.2.jar:/home/neebal/.m2/repository/org/slf4j/jul-to-slf4j/1.7.36/jul-to-slf4j-1.7.36.jar:/home/neebal/.m2/repository/jakarta/annotation/jakarta.annotation-api/1.3.5/jakarta.annotation-api-1.3.5.jar:/home/neebal/.m2/repository/org/springframework/spring-core/5.3.20/spring-core-5.3.20.jar:/home/neebal/.m2/repository/org/springframework/spring-jcl/5.3.20/spring-jcl-5.3.20.jar:/home/neebal/.m2/repository/org/yaml/snakeyaml/1.30/snakeyaml-1.30.jar:/home/neebal/.m2/repository/org/springframework/boot/spring-boot-devtools/2.7.0/spring-boot-devtools-2.7.0.jar:/home/neebal/.m2/repository/org/springframework/boot/spring-boot-starter-test/2.7.0/spring-boot-starter-test-2.7.0.jar:/home/neebal/.m2/repository/org/springframework/boot/spring-boot-test/2.7.0/spring-boot-test-2.7.0.jar:/home/neebal/.m2/repository/org/springframework/boot/spring-boot-test-autoconfigure/2.7.0/spring-boot-test-autoconfigure-2.7.0.jar:/home/neebal/.m2/repository/com/jayway/jsonpath/json-path/2.7.0/json-path-2.7.0.jar:/home/neebal/.m2/repository/net/minidev/json-smart/2.4.8/json-smart-2.4.8.jar:/home/neebal/.m2/repository/net/minidev/accessors-smart/2.4.8/accessors-smart-2.4.8.jar:/home/neebal/.m2/repository/org/ow2/asm/asm/9.1/asm-9.1.jar:/home/neebal/.m2/repository/org/slf4j/slf4j-api/1.7.36/slf4j-api-1.7.36.jar:/home/neebal/.m2/repository/jakarta/xml/bind/jakarta.xml.bind-api/2.3.3/jakarta.xml.bind-api-2.3.3.jar:/home/neebal/.m2/repository/jakarta/activation/jakarta.activation-api/1.2.2/jakarta.activation-api-1.2.2.jar:/home/neebal/.m2/repository/org/assertj/assertj-core/3.22.0/assertj-core-3.22.0.jar:/home/neebal/.m2/repository/org/hamcrest/hamcrest/2.2/hamcrest-2.2.jar:/home/neebal/.m2/repository/org/junit/jupiter/junit-jupiter/5.8.2/junit-jupiter-5.8.2.jar:/home/neebal/.m2/repository/org/junit/jupiter/junit-jupiter-params/5.8.2/junit-jupiter-params-5.8.2.jar:/home/neebal/.m2/repository/org/mockito/mockito-core/4.5.1/mockito-core-4.5.1.jar:/home/neebal/.m2/repository/net/bytebuddy/byte-buddy/1.12.10/byte-buddy-1.12.10.jar:/home/neebal/.m2/repository/net/bytebuddy/byte-buddy-agent/1.12.10/byte-buddy-agent-1.12.10.jar:/home/neebal/.m2/repository/org/objenesis/objenesis/3.2/objenesis-3.2.jar:/home/neebal/.m2/repository/org/mockito/mockito-junit-jupiter/4.5.1/mockito-junit-jupiter-4.5.1.jar:/home/neebal/.m2/repository/org/skyscreamer/jsonassert/1.5.0/jsonassert-1.5.0.jar:/home/neebal/.m2/repository/com/vaadin/external/google/android-json/0.0.20131108.vaadin1/android-json-0.0.20131108.vaadin1.jar:/home/neebal/.m2/repository/org/springframework/spring-test/5.3.20/spring-test-5.3.20.jar:/home/neebal/.m2/repository/org/xmlunit/xmlunit-core/2.9.0/xmlunit-core-2.9.0.jar:/home/neebal/.m2/repository/org/junit/jupiter/junit-jupiter-api/5.8.2/junit-jupiter-api-5.8.2.jar:/home/neebal/.m2/repository/org/opentest4j/opentest4j/1.2.0/opentest4j-1.2.0.jar:/home/neebal/.m2/repository/org/junit/platform/junit-platform-commons/1.8.2/junit-platform-commons-1.8.2.jar:/home/neebal/.m2/repository/org/apiguardian/apiguardian-api/1.1.2/apiguardian-api-1.1.2.jar:/home/neebal/.m2/repository/org/junit/jupiter/junit-jupiter-engine/5.8.2/junit-jupiter-engine-5.8.2.jar:/home/neebal/.m2/repository/org/junit/platform/junit-platform-engine/1.8.2/junit-platform-engine-1.8.2.jar:/home/neebal/.m2/repository/com/opencsv/opencsv/5.6/opencsv-5.6.jar:/home/neebal/.m2/repository/org/apache/commons/commons-lang3/3.12.0/commons-lang3-3.12.0.jar:/home/neebal/.m2/repository/org/apache/commons/commons-text/1.9/commons-text-1.9.jar:/home/neebal/.m2/repository/commons-beanutils/commons-beanutils/1.9.4/commons-beanutils-1.9.4.jar:/home/neebal/.m2/repository/commons-logging/commons-logging/1.2/commons-logging-1.2.jar:/home/neebal/.m2/repository/commons-collections/commons-collections/3.2.2/commons-collections-3.2.2.jar:/home/neebal/.m2/repository/org/apache/commons/commons-collections4/4.4/commons-collections4-4.4.jar:"/>
    <property name="sun.cpu.endian" value="little"/>
    <property name="user.home" value="/home/neebal"/>
    <property name="user.language" value="en"/>
    <property name="java.specification.vendor" value="Oracle Corporation"/>
    <property name="java.home" value="/opt/jdk1.8.0_311/jre"/>
    <property name="basedir" value="/home/neebal/Projects/test/AirplaneTicketUpgrader"/>
    <property name="file.separator" value="/"/>
    <property name="line.separator" value="&#10;"/>
    <property name="java.vm.specification.vendor" value="Oracle Corporation"/>
    <property name="java.specification.name" value="Java Platform API Specification"/>
    <property name="java.awt.graphicsenv" value="sun.awt.X11GraphicsEnvironment"/>
    <property name="surefire.real.class.path" value="/home/neebal/Projects/test/AirplaneTicketUpgrader/target/surefire/surefirebooter3787968465822651573.jar"/>
    <property name="sun.boot.class.path" value="/opt/jdk1.8.0_311/jre/lib/resources.jar:/opt/jdk1.8.0_311/jre/lib/rt.jar:/opt/jdk1.8.0_311/jre/lib/sunrsasign.jar:/opt/jdk1.8.0_311/jre/lib/jsse.jar:/opt/jdk1.8.0_311/jre/lib/jce.jar:/opt/jdk1.8.0_311/jre/lib/charsets.jar:/opt/jdk1.8.0_311/jre/lib/jfr.jar:/opt/jdk1.8.0_311/jre/classes"/>
    <property name="sun.management.compiler" value="HotSpot 64-Bit Tiered Compilers"/>
    <property name="java.runtime.version" value="1.8.0_311-b11"/>
    <property name="user.name" value="neebal"/>
    <property name="path.separator" value=":"/>
    <property name="os.version" value="5.14.0-1038-oem"/>
    <property name="java.endorsed.dirs" value="/opt/jdk1.8.0_311/jre/lib/endorsed"/>
    <property name="java.runtime.name" value="Java(TM) SE Runtime Environment"/>
    <property name="file.encoding" value="UTF-8"/>
    <property name="java.vm.name" value="Java HotSpot(TM) 64-Bit Server VM"/>
    <property name="localRepository" value="/home/neebal/.m2/repository"/>
    <property name="java.vendor.url.bug" value="http://bugreport.sun.com/bugreport/"/>
    <property name="java.io.tmpdir" value="/tmp"/>
    <property name="java.version" value="1.8.0_311"/>
    <property name="user.dir" value="/home/neebal/Projects/test/AirplaneTicketUpgrader"/>
    <property name="os.arch" value="amd64"/>
    <property name="java.vm.specification.name" value="Java Virtual Machine Specification"/>
    <property name="java.awt.printerjob" value="sun.print.PSPrinterJob"/>
    <property name="sun.os.patch.level" value="unknown"/>
    <property name="java.library.path" value="/usr/java/packages/lib/amd64:/usr/lib64:/lib64:/lib:/usr/lib"/>
    <property name="java.vm.info" value="mixed mode"/>
    <property name="java.vendor" value="Oracle Corporation"/>
    <property name="java.vm.version" value="25.311-b11"/>
    <property name="java.ext.dirs" value="/opt/jdk1.8.0_311/jre/lib/ext:/usr/java/packages/lib/ext"/>
    <property name="sun.io.unicode.encoding" value="UnicodeLittle"/>
    <property name="java.class.version" value="52.0"/>
  </properties>
  <testcase name="contextLoads" classname="com.sahaj.airline.AirlineApplicationTests" time="0.137"/>
</testsuite>